<?xml version="1.0" encoding="UTF-8"?>
<!-- Generated by org.testng.reporters.JUnitReportReporter -->
<testsuite hostname="SANTOSH" failures="0" tests="2" name="com.actitime.test.tc_1_login" time="15.691" errors="0" timestamp="2023-10-17T19:24:13 IST" skipped="0">
  <testcase classname="com.actitime.test.tc_1_login" name="logout" time="11.036"/>
  <system-out/>
  <testcase classname="com.actitime.test.tc_1_login" name="login" time="4.655"/>
  <system-out/>
</testsuite> <!-- com.actitime.test.tc_1_login -->
