<?xml version="1.0" encoding="UTF-8"?>
<!-- Generated by org.testng.reporters.JUnitReportReporter -->
<testsuite hostname="SANTOSH" failures="0" tests="2" name="com.actitime.test.tc_1_login" time="10.252" errors="0" timestamp="2023-10-17T19:28:58 IST" skipped="0">
  <testcase classname="com.actitime.test.tc_1_login" name="logout" time="6.756"/>
  <system-out/>
  <testcase classname="com.actitime.test.tc_1_login" name="login" time="3.496"/>
  <system-out/>
</testsuite> <!-- com.actitime.test.tc_1_login -->
